Build started 9/22/2014 7:43:32 PM.
     1>Project "C:\Users\Sudhindra\Documents\Visual Studio 2010\Projects\mysqlconnect\mysqlconnect\mysqlconnect.vcxproj" on node 2 (build target(s)).
     1>InitializeBuildStatus:
         Creating "Debug\mysqlconnect.unsuccessfulbuild" because "AlwaysCreate" was specified.
       ClCompile:
         All outputs are up-to-date.
         C:\Program Files (x86)\Microsoft Visual Studio 10.0\VC\bin\CL.exe /c /I"C:\Users\Sudhindra\Documents\Visual Studio 2010\Projects\mysqlconnect\mysql" /ZI /nologo /W3 /WX- /Od /Oy- /D WIN32 /D _DEBUG /D _WINDOWS /D CPPCONN_PUBLIC_FUNC= /D _UNICODE /D UNICODE /Gm /EHsc /RTC1 /MTd /GS /fp:precise /Zc:wchar_t /Zc:forScope /Yu"StdAfx.h" /Fp"Debug\mysqlconnect.pch" /Fo"Debug\\" /Fd"Debug\vc100.pdb" /Gd /TP /analyze- /errorReport:prompt mysqlconnect.cpp
         mysqlconnect.cpp
     1>c:\users\sudhindra\documents\visual studio 2010\projects\mysqlconnect\mysqlconnect\mysqlconnect.cpp(209): warning C4996: 'wcstombs': This function or variable may be unsafe. Consider using wcstombs_s instead. To disable deprecation, use _CRT_SECURE_NO_WARNINGS. See online help for details.
                 c:\program files (x86)\microsoft visual studio 10.0\vc\include\stdlib.h(533) : see declaration of 'wcstombs'
     1>c:\users\sudhindra\documents\visual studio 2010\projects\mysqlconnect\mysqlconnect\mysqlconnect.cpp(228): warning C4996: 'wcstombs': This function or variable may be unsafe. Consider using wcstombs_s instead. To disable deprecation, use _CRT_SECURE_NO_WARNINGS. See online help for details.
                 c:\program files (x86)\microsoft visual studio 10.0\vc\include\stdlib.h(533) : see declaration of 'wcstombs'
     1>c:\users\sudhindra\documents\visual studio 2010\projects\mysqlconnect\mysqlconnect\mysqlconnect.cpp(252): warning C4715: 'About' : not all control paths return a value
       ResourceCompile:
         All outputs are up-to-date.
       ManifestResourceCompile:
         All outputs are up-to-date.
       Link:
         C:\Program Files (x86)\Microsoft Visual Studio 10.0\VC\bin\link.exe /ERRORREPORT:PROMPT /OUT:"C:\Users\Sudhindra\Documents\Visual Studio 2010\Projects\mysqlconnect\Debug\mysqlconnect.exe" /INCREMENTAL /NOLOGO /LIBPATH:"C:\Users\Sudhindra\Documents\Visual Studio 2010\Projects\mysqlconnect\libx86\debug" mariadbclient.lib kernel32.lib user32.lib gdi32.lib winspool.lib comdlg32.lib advapi32.lib shell32.lib ole32.lib oleaut32.lib uuid.lib odbc32.lib odbccp32.lib /MANIFEST /ManifestFile:"Debug\mysqlconnect.exe.intermediate.manifest" /MANIFESTUAC:"level='asInvoker' uiAccess='false'" /DEBUG /PDB:"C:\Users\Sudhindra\Documents\Visual Studio 2010\Projects\mysqlconnect\Debug\mysqlconnect.pdb" /SUBSYSTEM:WINDOWS /TLBID:1 /DYNAMICBASE /NXCOMPAT /IMPLIB:"C:\Users\Sudhindra\Documents\Visual Studio 2010\Projects\mysqlconnect\Debug\mysqlconnect.lib" /MACHINE:X86 Debug\mysqlconnect.res
         Debug\mysqlconnect.exe.embed.manifest.res
         Debug\mysqlconnect.obj
         Debug\stdafx.obj
       Manifest:
         C:\Program Files (x86)\Microsoft SDKs\Windows\v7.0A\bin\mt.exe /nologo /verbose /out:"Debug\mysqlconnect.exe.embed.manifest" /manifest Debug\mysqlconnect.exe.intermediate.manifest
         All outputs are up-to-date.
       LinkEmbedManifest:
         All outputs are up-to-date.
         mysqlconnect.vcxproj -> C:\Users\Sudhindra\Documents\Visual Studio 2010\Projects\mysqlconnect\Debug\mysqlconnect.exe
       FinalizeBuildStatus:
         Deleting file "Debug\mysqlconnect.unsuccessfulbuild".
         Touching "Debug\mysqlconnect.lastbuildstate".
     1>Done Building Project "C:\Users\Sudhindra\Documents\Visual Studio 2010\Projects\mysqlconnect\mysqlconnect\mysqlconnect.vcxproj" (build target(s)).

Build succeeded.

Time Elapsed 00:00:00.39
