Build started 9/22/2014 4:49:44 PM.
     1>Project "C:\Users\Sudhindra\Documents\Visual Studio 2010\Projects\mysqlconnect\mysqlconnect\mysqlconnect.vcxproj" on node 2 (build target(s)).
     1>InitializeBuildStatus:
         Creating "x64\Debug\mysqlconnect.unsuccessfulbuild" because "AlwaysCreate" was specified.
       ClCompile:
         All outputs are up-to-date.
         C:\Program Files (x86)\Microsoft Visual Studio 10.0\VC\bin\x86_amd64\CL.exe /c /I"C:\Users\Sudhindra\Documents\Visual Studio 2010\Projects\mysqlconnect\mysql" /Zi /nologo /W3 /WX- /Od /D WIN32 /D WIN64 /D _DEBUG /D _WINDOWS /D CPPCONN_PUBLIC_FUNC= /D _UNICODE /D UNICODE /Gm /EHsc /RTC1 /MTd /GS /fp:precise /Zc:wchar_t /Zc:forScope /Yu"StdAfx.h" /Fp"x64\Debug\mysqlconnect.pch" /Fo"x64\Debug\\" /Fd"x64\Debug\vc100.pdb" /Gd /TP /errorReport:prompt mysqlconnect.cpp
         mysqlconnect.cpp
     1>c:\users\sudhindra\documents\visual studio 2010\projects\mysqlconnect\mysqlconnect\mysqlconnect.cpp(223): warning C4715: 'About' : not all control paths return a value
       ResourceCompile:
         All outputs are up-to-date.
       ManifestResourceCompile:
         All outputs are up-to-date.
       Link:
         C:\Program Files (x86)\Microsoft Visual Studio 10.0\VC\bin\x86_amd64\link.exe /ERRORREPORT:PROMPT /OUT:"C:\Users\Sudhindra\Documents\Visual Studio 2010\Projects\mysqlconnect\x64\Debug\mysqlconnect.exe" /INCREMENTAL /NOLOGO /LIBPATH:"C:\Users\Sudhindra\Documents\Visual Studio 2010\Projects\mysqlconnect\libx64\debug" mariadbclient.lib kernel32.lib user32.lib gdi32.lib winspool.lib comdlg32.lib advapi32.lib shell32.lib ole32.lib oleaut32.lib uuid.lib odbc32.lib odbccp32.lib /NODEFAULTLIB:LIBCD.lib /NODEFAULTLIB:msvcrt.lib /MANIFEST /ManifestFile:"x64\Debug\mysqlconnect.exe.intermediate.manifest" /MANIFESTUAC:"level='asInvoker' uiAccess='false'" /DEBUG /PDB:"C:\Users\Sudhindra\Documents\Visual Studio 2010\Projects\mysqlconnect\x64\Debug\mysqlconnect.pdb" /SUBSYSTEM:WINDOWS /TLBID:1 /DYNAMICBASE /NXCOMPAT /IMPLIB:"C:\Users\Sudhindra\Documents\Visual Studio 2010\Projects\mysqlconnect\x64\Debug\mysqlconnect.lib" /MACHINE:X64 x64\Debug\mysqlconnect.res
         x64\Debug\mysqlconnect.exe.embed.manifest.res
         x64\Debug\mysqlconnect.obj
         x64\Debug\stdafx.obj
         mysqlconnect.vcxproj -> C:\Users\Sudhindra\Documents\Visual Studio 2010\Projects\mysqlconnect\x64\Debug\mysqlconnect.exe
       Manifest:
         C:\Program Files (x86)\Microsoft SDKs\Windows\v7.0A\bin\mt.exe /nologo /verbose /out:"x64\Debug\mysqlconnect.exe.embed.manifest" /manifest x64\Debug\mysqlconnect.exe.intermediate.manifest
         All outputs are up-to-date.
       LinkEmbedManifest:
         All outputs are up-to-date.
         mysqlconnect.vcxproj -> C:\Users\Sudhindra\Documents\Visual Studio 2010\Projects\mysqlconnect\x64\Debug\mysqlconnect.exe
       FinalizeBuildStatus:
         Deleting file "x64\Debug\mysqlconnect.unsuccessfulbuild".
         Touching "x64\Debug\mysqlconnect.lastbuildstate".
     1>Done Building Project "C:\Users\Sudhindra\Documents\Visual Studio 2010\Projects\mysqlconnect\mysqlconnect\mysqlconnect.vcxproj" (build target(s)).

Build succeeded.

Time Elapsed 00:00:00.38
