C:\Users\Sudhindra\Documents\Visual Studio 2010\Projects\mysqlconnect\mysqlconnect\x64\Debug\cl.command.1.tlog
C:\Users\Sudhindra\Documents\Visual Studio 2010\Projects\mysqlconnect\mysqlconnect\x64\Debug\CL.read.1.tlog
C:\Users\Sudhindra\Documents\Visual Studio 2010\Projects\mysqlconnect\mysqlconnect\x64\Debug\CL.write.1.tlog
C:\Users\Sudhindra\Documents\Visual Studio 2010\Projects\mysqlconnect\mysqlconnect\x64\Debug\link.command.1.tlog
C:\Users\Sudhindra\Documents\Visual Studio 2010\Projects\mysqlconnect\mysqlconnect\x64\Debug\link.read.1.tlog
C:\Users\Sudhindra\Documents\Visual Studio 2010\Projects\mysqlconnect\mysqlconnect\x64\Debug\link.write.1.tlog
C:\Users\Sudhindra\Documents\Visual Studio 2010\Projects\mysqlconnect\mysqlconnect\x64\Debug\link-cvtres.read.1.tlog
C:\Users\Sudhindra\Documents\Visual Studio 2010\Projects\mysqlconnect\mysqlconnect\x64\Debug\link-cvtres.write.1.tlog
C:\Users\Sudhindra\Documents\Visual Studio 2010\Projects\mysqlconnect\mysqlconnect\x64\Debug\mysqlconnect.exe.embed.manifest
C:\USERS\SUDHINDRA\DOCUMENTS\VISUAL STUDIO 2010\PROJECTS\MYSQLCONNECT\MYSQLCONNECT\X64\DEBUG\MYSQLCONNECT.EXE.EMBED.MANIFEST.RES
C:\Users\Sudhindra\Documents\Visual Studio 2010\Projects\mysqlconnect\mysqlconnect\x64\Debug\mysqlconnect.exe.intermediate.manifest
C:\USERS\SUDHINDRA\DOCUMENTS\VISUAL STUDIO 2010\PROJECTS\MYSQLCONNECT\MYSQLCONNECT\X64\DEBUG\MYSQLCONNECT.OBJ
C:\USERS\SUDHINDRA\DOCUMENTS\VISUAL STUDIO 2010\PROJECTS\MYSQLCONNECT\MYSQLCONNECT\X64\DEBUG\MYSQLCONNECT.PCH
C:\USERS\SUDHINDRA\DOCUMENTS\VISUAL STUDIO 2010\PROJECTS\MYSQLCONNECT\MYSQLCONNECT\X64\DEBUG\MYSQLCONNECT.RES
C:\Users\Sudhindra\Documents\Visual Studio 2010\Projects\mysqlconnect\mysqlconnect\x64\Debug\mysqlconnect.write.1.tlog
C:\Users\Sudhindra\Documents\Visual Studio 2010\Projects\mysqlconnect\mysqlconnect\x64\Debug\mysqlconnect_manifest.rc
C:\Users\Sudhindra\Documents\Visual Studio 2010\Projects\mysqlconnect\mysqlconnect\x64\Debug\rc.command.1.tlog
C:\Users\Sudhindra\Documents\Visual Studio 2010\Projects\mysqlconnect\mysqlconnect\x64\Debug\rc.read.1.tlog
C:\Users\Sudhindra\Documents\Visual Studio 2010\Projects\mysqlconnect\mysqlconnect\x64\Debug\rc.write.1.tlog
C:\USERS\SUDHINDRA\DOCUMENTS\VISUAL STUDIO 2010\PROJECTS\MYSQLCONNECT\MYSQLCONNECT\X64\DEBUG\STDAFX.OBJ
C:\Users\Sudhindra\Documents\Visual Studio 2010\Projects\mysqlconnect\mysqlconnect\x64\Debug\vc100.idb
C:\USERS\SUDHINDRA\DOCUMENTS\VISUAL STUDIO 2010\PROJECTS\MYSQLCONNECT\MYSQLCONNECT\X64\DEBUG\VC100.PDB
C:\Users\Sudhindra\Documents\Visual Studio 2010\Projects\mysqlconnect\x64\Debug\mysqlconnect.pdb
