Build started 9/22/2014 4:49:39 PM.
     1>Project "C:\Users\Sudhindra\Documents\Visual Studio 2010\Projects\mysqlconnect\mysqlconnect\mysqlconnect.vcxproj" on node 2 (build target(s)).
     1>InitializeBuildStatus:
         Creating "x64\Release\mysqlconnect.unsuccessfulbuild" because "AlwaysCreate" was specified.
       ClCompile:
         All outputs are up-to-date.
         All outputs are up-to-date.
       ResourceCompile:
         All outputs are up-to-date.
       Link:
         All outputs are up-to-date.
         C:\Program Files (x86)\Microsoft Visual Studio 10.0\VC\bin\x86_amd64\link.exe /ERRORREPORT:PROMPT /OUT:"C:\Users\Sudhindra\Documents\Visual Studio 2010\Projects\mysqlconnect\x64\Release\mysqlconnect.exe" /INCREMENTAL:NO /NOLOGO /LIBPATH:"C:\Users\Sudhindra\Documents\Visual Studio 2010\Projects\mysqlconnect\libx64\release" mariadbclient.lib kernel32.lib user32.lib gdi32.lib winspool.lib comdlg32.lib advapi32.lib shell32.lib ole32.lib oleaut32.lib uuid.lib odbc32.lib odbccp32.lib /NODEFAULTLIB:LIBCD.lib /NODEFAULTLIB:msvcrt.lib /MANIFEST /ManifestFile:"x64\Release\mysqlconnect.exe.intermediate.manifest" /MANIFESTUAC:"level='asInvoker' uiAccess='false'" /DEBUG /PDB:"C:\Users\Sudhindra\Documents\Visual Studio 2010\Projects\mysqlconnect\x64\Release\mysqlconnect.pdb" /SUBSYSTEM:WINDOWS /OPT:REF /OPT:ICF /LTCG /TLBID:1 /DYNAMICBASE /NXCOMPAT /IMPLIB:"C:\Users\Sudhindra\Documents\Visual Studio 2010\Projects\mysqlconnect\x64\Release\mysqlconnect.lib" /MACHINE:X64 x64\Release\mysqlconnect.res
         x64\Release\mysqlconnect.obj
         x64\Release\stdafx.obj
         Generating code
     1>c:\users\sudhindra\documents\visual studio 2010\projects\mysqlconnect\mysqlconnect\mysqlconnect.cpp(223): warning C4715: 'About' : not all control paths return a value
         Finished generating code
         mysqlconnect.vcxproj -> C:\Users\Sudhindra\Documents\Visual Studio 2010\Projects\mysqlconnect\x64\Release\mysqlconnect.exe
       Manifest:
         C:\Program Files (x86)\Microsoft SDKs\Windows\v7.0A\bin\mt.exe /nologo /verbose /outputresource:"C:\Users\Sudhindra\Documents\Visual Studio 2010\Projects\mysqlconnect\x64\Release\mysqlconnect.exe;#1" /manifest x64\Release\mysqlconnect.exe.intermediate.manifest
       FinalizeBuildStatus:
         Deleting file "x64\Release\mysqlconnect.unsuccessfulbuild".
         Touching "x64\Release\mysqlconnect.lastbuildstate".
     1>Done Building Project "C:\Users\Sudhindra\Documents\Visual Studio 2010\Projects\mysqlconnect\mysqlconnect\mysqlconnect.vcxproj" (build target(s)).

Build succeeded.

Time Elapsed 00:00:00.41
